<?xml version="1.0" encoding="UTF-8"?>
<!-- Generated by org.testng.reporters.JUnitReportReporter -->
<testsuite hostname="DESKTOP-JPUHLHM" failures="0" tests="2" name="Framework.HomePage" time="14.458" errors="0" timestamp="2021-12-17T13:56:09 IST" skipped="0">
  <testcase classname="Framework.HomePage" name="basePageNavigation" time="9.292"/>
  <system-out/>
  <testcase classname="Framework.HomePage" name="basePageNavigation" time="5.166"/>
  <system-out/>
</testsuite> <!-- Framework.HomePage -->
