<?xml version="1.0" encoding="UTF-8"?>
<!-- Generated by org.testng.reporters.JUnitReportReporter -->
<testsuite hostname="DESKTOP-JPUHLHM" failures="0" tests="1" name="Framework.validateNavigation" time="5.885" errors="0" timestamp="2021-12-20T20:46:00 IST" skipped="0">
  <testcase classname="Framework.validateNavigation" name="validateAppNavBar" time="5.885"/>
  <system-out/>
</testsuite> <!-- Framework.validateNavigation -->
