<?xml version="1.0" encoding="UTF-8"?>
<!-- Generated by org.testng.reporters.JUnitReportReporter -->
<testsuite hostname="DESKTOP-JPUHLHM" failures="0" tests="1" name="Framework.validateTitle" time="9.179" errors="0" timestamp="2021-12-20T21:01:27 IST" skipped="0">
  <testcase classname="Framework.validateTitle" name="validateAppTitle" time="9.179"/>
  <system-out/>
</testsuite> <!-- Framework.validateTitle -->
