<?xml version="1.0" encoding="UTF-8"?>
<!-- Generated by org.testng.reporters.JUnitReportReporter -->
<testsuite hostname="DESKTOP-JPUHLHM" failures="0" tests="2" name="Framework.HomePage" time="15.437" errors="0" timestamp="2021-12-20T21:01:27 IST" skipped="0">
  <testcase classname="Framework.HomePage" name="basePageNavigation" time="10.058"/>
  <system-out/>
  <testcase classname="Framework.HomePage" name="basePageNavigation" time="5.379"/>
  <system-out/>
</testsuite> <!-- Framework.HomePage -->
